<?xml version="1.0" encoding="UTF-8"?>
<!-- Generated by org.testng.reporters.JUnitReportReporter -->
<testsuite hostname="HEU-PEDRO-PRADIITA" name="script.LoginTest" tests="1" failures="0" timestamp="25 Dec 2021 05:54:56 GMT" time="8.348" errors="0">
  <testcase name="successLogin" time="8.348" classname="script.LoginTest"/>
</testsuite> <!-- script.LoginTest -->
