<?xml version="1.0" encoding="UTF-8"?>
<!-- Generated by org.testng.reporters.JUnitReportReporter -->
<testsuite hostname="HEU-PEDRO-PRADIITA" failures="0" tests="3" name="pintaria.PintariaKuliahTest" time="384.859" errors="0" timestamp="2021-10-18T08:50:44 ICT" skipped="0">
  <testcase classname="pintaria.PintariaKuliahTest" name="KulahHeaderUrl" time="92.549"/>
  <system-out/>
  <testcase classname="pintaria.PintariaKuliahTest" name="KuliahBodyUrl" time="144.658"/>
  <system-out/>
  <testcase classname="pintaria.PintariaKuliahTest" name="KuliahFooterUrl" time="147.652"/>
  <system-out/>
</testsuite> <!-- pintaria.PintariaKuliahTest -->
