<?xml version="1.0" encoding="UTF-8"?>
<!-- Generated by org.testng.reporters.JUnitReportReporter -->
<testsuite hostname="HEU-PEDRO-PRADIITA" failures="0" tests="2" name="pintaria.PintariaPrakerjaTest" time="141.109" errors="0" timestamp="2021-10-18T08:50:44 ICT" skipped="0">
  <testcase classname="pintaria.PintariaPrakerjaTest" name="Banner" time="69.842"/>
  <system-out/>
  <testcase classname="pintaria.PintariaPrakerjaTest" name="KursusKilat" time="71.267"/>
  <system-out/>
</testsuite> <!-- pintaria.PintariaPrakerjaTest -->
