<?xml version="1.0" encoding="UTF-8"?>
<!-- Generated by org.testng.reporters.JUnitReportReporter -->
<testsuite hostname="HEU-PEDRO-PRADIITA" name="script.AdminTest" tests="3" failures="0" timestamp="25 Dec 2021 06:21:49 GMT" time="24.952" errors="0">
  <testcase name="successDeletePost" time="6.937" classname="script.AdminTest"/>
  <testcase name="successCreatePost" time="10.961" classname="script.AdminTest"/>
  <testcase name="successEditPost" time="7.054" classname="script.AdminTest"/>
</testsuite> <!-- script.AdminTest -->
