<?xml version="1.0" encoding="UTF-8"?>
<!-- Generated by org.testng.reporters.JUnitReportReporter -->
<testsuite hostname="HEU-PEDRO-PRADIITA" name="script.RegisterTest" tests="11" failures="0" timestamp="14 Nov 2021 22:44:03 GMT" time="129.034" errors="0">
  <testcase name="RegisterAlertNull" time="7.888" classname="script.RegisterTest"/>
  <testcase name="RegisterVerificationPopup" time="8.313" classname="script.RegisterTest"/>
  <testcase name="RegisterUrl" time="12.135" classname="script.RegisterTest"/>
  <testcase name="VerificationEmail" time="15.195" classname="script.RegisterTest"/>
  <testcase name="RegisterAlertPhoneShort" time="11.603" classname="script.RegisterTest"/>
  <testcase name="RegisterLogo" time="12.159" classname="script.RegisterTest"/>
  <testcase name="HelpLink" time="13.942" classname="script.RegisterTest"/>
  <testcase name="PrivacyLink" time="8.817" classname="script.RegisterTest"/>
  <testcase name="RegisterAlertInvalid" time="11.507" classname="script.RegisterTest"/>
  <testcase name="RegisterAlertPhoneLong" time="11.963" classname="script.RegisterTest"/>
  <testcase name="TermLink" time="15.512" classname="script.RegisterTest"/>
</testsuite> <!-- script.RegisterTest -->
