<?xml version="1.0" encoding="UTF-8"?>
<!-- Generated by org.testng.reporters.JUnitReportReporter -->
<testsuite hostname="HEU-PEDRO-PRADIITA" name="script.SicepatTest" tests="1" failures="0" timestamp="25 Dec 2021 00:20:53 GMT" time="10.560" errors="0">
  <testcase name="e2e" time="10.560" classname="script.SicepatTest"/>
</testsuite> <!-- script.SicepatTest -->
