<?xml version="1.0" encoding="UTF-8"?>
<!-- Generated by org.testng.reporters.JUnitReportReporter -->
<testsuite hostname="HEU-PEDRO-PRADIITA" name="script.AdminTest" tests="2" failures="0" timestamp="25 Dec 2021 05:54:56 GMT" time="18.008" errors="0">
  <testcase name="successEditPost" time="6.892" classname="script.AdminTest"/>
  <testcase name="successCreatePost" time="11.116" classname="script.AdminTest"/>
</testsuite> <!-- script.AdminTest -->
