<?xml version="1.0" encoding="UTF-8"?>
<!-- Generated by org.testng.reporters.JUnitReportReporter -->
<testsuite hostname="HEU-PEDRO-PRADIITA" name="script.AdminTest" tests="1" failures="0" timestamp="25 Dec 2021 04:51:48 GMT" time="7.107" errors="0">
  <testcase name="successCreatePost" time="7.107" classname="script.AdminTest"/>
</testsuite> <!-- script.AdminTest -->
