<?xml version="1.0" encoding="UTF-8"?>
<!-- Generated by org.testng.reporters.JUnitReportReporter -->
<testsuite hostname="HEU-PEDRO-PRADIITA" failures="0" tests="7" name="script.LoginDoctorTest" time="160.335" errors="0" timestamp="7 Nov 2021 02:07:43 GMT">
  <testcase classname="script.LoginDoctorTest" name="LoginAlertInvalid" time="21.776"/>
  <testcase classname="script.LoginDoctorTest" name="LoginAlertNull" time="17.688"/>
  <testcase classname="script.LoginDoctorTest" name="LoginAlertSuspend" time="26.207"/>
  <testcase classname="script.LoginDoctorTest" name="WaitingActivation" time="22.620"/>
  <testcase classname="script.LoginDoctorTest" name="LoginAlertUserInvalid" time="21.723"/>
  <testcase classname="script.LoginDoctorTest" name="ForgotPinTextLink" time="27.053"/>
  <testcase classname="script.LoginDoctorTest" name="LoginAlertMismatch" time="23.268"/>
</testsuite> <!-- script.LoginDoctorTest -->
