<?xml version="1.0" encoding="UTF-8"?>
<!-- Generated by org.testng.reporters.JUnitReportReporter -->
<testsuite hostname="HEU-PEDRO-PRADIITA" name="script.LoginTest" tests="1" failures="0" timestamp="25 Dec 2021 04:51:48 GMT" time="9.739" errors="0">
  <testcase name="successLogin" time="9.739" classname="script.LoginTest"/>
</testsuite> <!-- script.LoginTest -->
